c:\cg\lab3\x64\debug\vc142.pdb
c:\cg\lab3\x64\debug\qrc_lab3.obj
c:\cg\lab3\x64\debug\main.obj
c:\cg\lab3\x64\debug\shaderwidget.obj
c:\cg\lab3\x64\debug\uic\ui_lab3.h
c:\cg\lab3\x64\debug\rcc\qrc_lab3.cpp
c:\cg\lab3\x64\debug\lab3.ilk
c:\cg\lab3\x64\debug\lab3.exe
c:\cg\lab3\x64\debug\lab3.pdb
c:\cg\lab3\x64\debug\\rcc\qrc_lab3.cpp
c:\cg\lab3\x64\debug\\uic\ui_lab3.h
c:\cg\lab3\x64\debug\lab3.tlog\cl.command.1.tlog
c:\cg\lab3\x64\debug\lab3.tlog\cl.read.1.tlog
c:\cg\lab3\x64\debug\lab3.tlog\cl.write.1.tlog
c:\cg\lab3\x64\debug\lab3.tlog\lab3.write.1u.tlog
c:\cg\lab3\x64\debug\lab3.tlog\link.command.1.tlog
c:\cg\lab3\x64\debug\lab3.tlog\link.read.1.tlog
c:\cg\lab3\x64\debug\lab3.tlog\link.write.1.tlog
c:\cg\lab3\x64\debug\lab3.tlog\rcc.read.1u.tlog
c:\cg\lab3\x64\debug\lab3.tlog\rcc.write.1u.tlog
c:\cg\lab3\x64\debug\lab3.tlog\uic.read.1u.tlog
c:\cg\lab3\x64\debug\lab3.tlog\uic.write.1u.tlog
